============================= test session starts =============================
platform win32 -- Python 3.10.20, pytest-9.0.3, pluggy-1.6.0 -- C:\Users\David Lochmann\miniconda3\envs\pb-studio\python.exe
cachedir: .pytest_cache
rootdir: C:\Users\David Lochmann\Documents\PB_studio_Rebuild\PB_studio_Rebuild
configfile: pyproject.toml
plugins: anyio-4.13.0
collecting ... collected 114 items

tests/test_services/test_brain_v3_hashing.py::test_idempotent_small_file PASSED [  0%]
tests/test_services/test_brain_v3_hashing.py::test_different_content_different_hash PASSED [  1%]
tests/test_services/test_brain_v3_hashing.py::test_streaming_matches_one_shot_for_large_file PASSED [  2%]
tests/test_services/test_brain_v3_hashing.py::test_chunk_size_invariant PASSED [  3%]
tests/test_services/test_brain_v3_hashing.py::test_progress_callback_called PASSED [  4%]
tests/test_services/test_brain_v3_hashing.py::test_progress_callback_exception_does_not_kill_hash PASSED [  5%]
tests/test_services/test_brain_v3_hashing.py::test_missing_file_raises_filenotfound PASSED [  6%]
tests/test_services/test_brain_v3_hashing.py::test_directory_raises_isadirectory PASSED [  7%]
tests/test_services/test_brain_v3_hashing.py::test_quick_fingerprint_format PASSED [  7%]
tests/test_services/test_brain_v3_hashing.py::test_quick_fingerprint_changes_when_content_grows PASSED [  8%]
tests/test_services/test_brain_v3_hashing.py::test_hash_iterable_preserves_order_and_handles_errors PASSED [  9%]
tests/test_services/test_brain_v3_paths_and_schemas.py::test_brain_v3_app_dir_creates_under_appdata PASSED [ 10%]
tests/test_services/test_brain_v3_paths_and_schemas.py::test_brain_v3_app_dir_separated_from_v1_v2 PASSED [ 11%]
tests/test_services/test_brain_v3_paths_and_schemas.py::test_db_path_helpers PASSED [ 12%]
tests/test_services/test_brain_v3_paths_and_schemas.py::test_project_paths_under_project_root PASSED [ 13%]
tests/test_services/test_brain_v3_paths_and_schemas.py::test_subtrack_segment_validates_times PASSED [ 14%]
tests/test_services/test_brain_v3_paths_and_schemas.py::test_subtrack_segment_frozen PASSED [ 14%]
tests/test_services/test_brain_v3_paths_and_schemas.py::test_brain_v3_audio_meta_hash_length PASSED [ 15%]
tests/test_services/test_brain_v3_paths_and_schemas.py::test_subtrack_detection_result_default_weights PASSED [ 16%]
tests/test_services/test_brain_v3_paths_and_schemas.py::test_curve_point_immutable PASSED [ 17%]
tests/test_services/test_brain_v3_paths_and_schemas.py::test_visual_curves_default_sample_rate_is_one_hz PASSED [ 18%]
tests/test_services/test_brain_v3_paths_and_schemas.py::test_brain_v3_video_meta_tag_separation PASSED [ 19%]
tests/test_services/test_brain_v3_paths_and_schemas.py::test_visual_curves_result_carries_hash PASSED [ 20%]
tests/test_services/test_brain_v3_subtrack_detector.py::test_drone_falls_back_to_single_segment PASSED [ 21%]
tests/test_services/test_brain_v3_subtrack_detector.py::test_two_section_does_not_crash PASSED [ 21%]
tests/test_services/test_brain_v3_subtrack_detector.py::test_effective_weights_renormalize_without_stems PASSED [ 22%]
tests/test_services/test_brain_v3_subtrack_detector.py::test_normalize_zero_array_returns_zeros PASSED [ 23%]
tests/test_services/test_brain_v3_subtrack_detector.py::test_resize_to_lengths PASSED [ 24%]
tests/test_services/test_brain_v3_visual_curves.py::test_extract_returns_correct_shape PASSED [ 25%]
tests/test_services/test_brain_v3_visual_curves.py::test_bright_video_has_high_brightness PASSED [ 26%]
tests/test_services/test_brain_v3_visual_curves.py::test_dark_video_has_low_brightness PASSED [ 27%]
tests/test_services/test_brain_v3_visual_curves.py::test_warm_video_has_positive_color_temp PASSED [ 28%]
tests/test_services/test_brain_v3_visual_curves.py::test_cool_video_has_negative_color_temp PASSED [ 28%]
tests/test_services/test_brain_v3_visual_curves.py::test_invalid_sample_rate_rejected PASSED [ 29%]
tests/test_services/test_brain_v3_visual_curves.py::test_metrics_computation_independent_of_io PASSED [ 30%]
tests/test_services/test_brain_v3_gpu_serializer.py::test_acquire_releases_lock PASSED [ 31%]
tests/test_services/test_brain_v3_gpu_serializer.py::test_serializer_serializes_two_threads PASSED [ 32%]
tests/test_services/test_brain_v3_gpu_serializer.py::test_holder_restored_after_nested_use PASSED [ 33%]
tests/test_services/test_brain_v3_gpu_serializer.py::test_default_singleton_returns_same_instance PASSED [ 34%]
tests/test_services/test_brain_v3_gpu_serializer.py::test_reset_default_creates_new_instance PASSED [ 35%]
tests/test_services/test_brain_v3_gpu_serializer.py::test_async_acquire_serializes PASSED [ 35%]
tests/test_services/test_brain_v3_gpu_serializer.py::test_empty_cache_on_release_does_not_crash_without_torch PASSED [ 36%]
tests/test_services/test_brain_v3_gpu_serializer.py::test_serializer_waits_for_legacy_gpu_execution_lock PASSED [ 37%]
tests/test_services/test_brain_v3_storage_cache.py::test_init_connection_sets_wal_mode PASSED [ 38%]
tests/test_services/test_brain_v3_storage_cache.py::test_load_vec_extension_raises_clean_error_when_not_installed PASSED [ 39%]
tests/test_services/test_brain_v3_storage_cache.py::test_migrate_applies_scripts_in_order PASSED [ 40%]
tests/test_services/test_brain_v3_storage_cache.py::test_migrate_is_idempotent PASSED [ 41%]
tests/test_services/test_brain_v3_storage_cache.py::test_migrate_failed_script_rolls_back PASSED [ 42%]
tests/test_services/test_brain_v3_storage_cache.py::test_cache_lookup_miss_returns_none PASSED [ 42%]
tests/test_services/test_brain_v3_storage_cache.py::test_cache_store_and_lookup_round_trip PASSED [ 43%]
tests/test_services/test_brain_v3_storage_cache.py::test_cache_overwrite_updates_index PASSED [ 44%]
tests/test_services/test_brain_v3_storage_cache.py::test_cache_lookup_different_model_version_misses PASSED [ 45%]
tests/test_services/test_brain_v3_storage_cache.py::test_cache_delete_removes_index_and_file PASSED [ 46%]
tests/test_services/test_brain_v3_storage_cache.py::test_cache_delete_returns_false_for_unknown_hash PASSED [ 47%]
tests/test_services/test_brain_v3_storage_cache.py::test_cache_stats PASSED [ 48%]
tests/test_services/test_brain_v3_storage_cache.py::test_cache_rejects_invalid_media_type PASSED [ 49%]
tests/test_services/test_brain_v3_storage_cache.py::test_cache_rejects_wrong_hash_length PASSED [ 50%]
tests/test_services/test_brain_v3_storage_cache.py::test_cache_path_separates_audio_video_and_model PASSED [ 50%]
tests/test_services/test_brain_v3_storage_repo.py::test_embedding_repository_console_log_messages_are_ascii_safe PASSED [ 51%]
tests/test_services/test_brain_v3_storage_repo.py::test_repo_init_creates_db_and_schema PASSED [ 52%]
tests/test_services/test_brain_v3_storage_repo.py::test_audio_unit_round_trip PASSED [ 53%]
tests/test_services/test_brain_v3_storage_repo.py::test_audio_knn_returns_correct_order PASSED [ 54%]
tests/test_services/test_brain_v3_storage_repo.py::test_audio_knn_filtered_by_level PASSED [ 55%]
tests/test_services/test_brain_v3_storage_repo.py::test_video_unit_round_trip PASSED [ 56%]
tests/test_services/test_brain_v3_storage_repo.py::test_dim_mismatch_raises PASSED [ 57%]
tests/test_services/test_brain_v3_background_queue.py::test_submit_and_run_simple_job PASSED [ 57%]
tests/test_services/test_brain_v3_background_queue.py::test_progress_subscriber_receives_updates PASSED [ 58%]
tests/test_services/test_brain_v3_background_queue.py::test_failed_job_marked_failed PASSED [ 59%]
tests/test_services/test_brain_v3_background_queue.py::test_jobs_serialize_with_one_worker PASSED [ 60%]
tests/test_services/test_brain_v3_background_queue.py::test_jobs_can_run_in_parallel_with_two_workers PASSED [ 61%]
tests/test_services/test_brain_v3_background_queue.py::test_pending_count_reflects_queue_size PASSED [ 62%]
tests/test_services/test_brain_v3_background_queue.py::test_subscriber_exception_does_not_kill_queue PASSED [ 63%]
tests/test_services/test_brain_v3_brain_core.py::test_bridge_axes_count_is_17 PASSED [ 64%]
tests/test_services/test_brain_v3_brain_core.py::test_cold_start_covers_all_axes PASSED [ 64%]
tests/test_services/test_brain_v3_brain_core.py::test_get_default_known_axis PASSED [ 65%]
tests/test_services/test_brain_v3_brain_core.py::test_get_default_unknown_axis_raises PASSED [ 66%]
tests/test_services/test_brain_v3_brain_core.py::test_cut_context_default_values_validate PASSED [ 67%]
tests/test_services/test_brain_v3_brain_core.py::test_cut_context_invalid_section_raises PASSED [ 68%]
tests/test_services/test_brain_v3_brain_core.py::test_cut_context_invalid_mood_raises PASSED [ 69%]
tests/test_services/test_brain_v3_brain_core.py::test_context_keys_returns_six_levels PASSED [ 70%]
tests/test_services/test_brain_v3_brain_core.py::test_context_keys_are_unique_per_context PASSED [ 71%]
tests/test_services/test_brain_v3_brain_core.py::test_quantize_tertile PASSED [ 71%]
tests/test_services/test_brain_v3_brain_core.py::test_quantize_subtrack_position PASSED [ 72%]
tests/test_services/test_brain_v3_brain_core.py::test_alpha_beta_posterior_mean_cold_start PASSED [ 73%]
tests/test_services/test_brain_v3_brain_core.py::test_alpha_beta_posterior_mean_strong_positive PASSED [ 74%]
tests/test_services/test_brain_v3_brain_core.py::test_alpha_beta_variance_decreases_with_more_data PASSED [ 75%]
tests/test_services/test_brain_v3_brain_core.py::test_get_posterior_mean_cold_start_returns_default PASSED [ 76%]
tests/test_services/test_brain_v3_brain_core.py::test_get_posterior_mean_after_clicks_uses_level_0 PASSED [ 77%]
tests/test_services/test_brain_v3_brain_core.py::test_backoff_finds_specific_when_confident PASSED [ 78%]
tests/test_services/test_brain_v3_brain_core.py::test_backoff_falls_back_when_specific_not_confident PASSED [ 78%]
tests/test_services/test_brain_v3_brain_core.py::test_get_posterior_mean_unknown_axis_raises PASSED [ 79%]
tests/test_services/test_brain_v3_brain_core.py::test_total_clicks_grows_with_updates PASSED [ 80%]
tests/test_services/test_brain_v3_brain_core.py::test_top_buckets_returns_strongest_positive PASSED [ 81%]
tests/test_services/test_brain_v3_brain_core.py::test_cold_start_status_all_axes_in_cold_start PASSED [ 82%]
tests/test_services/test_brain_v3_brain_core.py::test_cold_start_status_one_axis_confident PASSED [ 83%]
tests/test_services/test_brain_v3_brain_core.py::test_rating_map_completeness PASSED [ 84%]
tests/test_services/test_brain_v3_brain_core.py::test_log_feedback_updates_85_buckets PASSED [ 85%]
tests/test_services/test_brain_v3_brain_core.py::test_log_feedback_perfect_increments_alpha_only PASSED [ 85%]
tests/test_services/test_brain_v3_brain_core.py::test_log_feedback_no_match_increments_beta_only PASSED [ 86%]
tests/test_services/test_brain_v3_brain_core.py::test_log_feedback_invalid_rating_raises PASSED [ 87%]
tests/test_services/test_brain_v3_brain_core.py::test_log_feedback_wrong_keys_length_raises PASSED [ 88%]
tests/test_services/test_brain_v3_brain_core.py::test_log_feedback_repeated_clicks_accumulate PASSED [ 89%]
tests/test_services/test_brain_v3_brain_core.py::test_log_feedback_atomic_rollback_on_error PASSED [ 90%]
tests/test_services/test_brain_v3_brain_core.py::test_bridge_compute_returns_in_range PASSED [ 91%]
tests/test_services/test_brain_v3_brain_core.py::test_bridge_compute_all_returns_17 PASSED [ 92%]
tests/test_services/test_brain_v3_brain_core.py::test_bridge_motion_match_perfect_alignment PASSED [ 92%]
tests/test_services/test_brain_v3_brain_core.py::test_bridge_unknown_axis_raises PASSED [ 93%]
tests/test_services/test_brain_v3_brain_core.py::test_bridge_semantic_match_with_aligned_embedding PASSED [ 94%]
tests/test_services/test_brain_v3_brain_core.py::test_scorer_returns_scored_candidate PASSED [ 95%]
tests/test_services/test_brain_v3_brain_core.py::test_scorer_score_all_sorts_descending PASSED [ 96%]
tests/test_services/test_brain_v3_brain_core.py::test_brain_store_initializes_three_dbs PASSED [ 97%]
tests/test_services/test_brain_v3_brain_core.py::test_brain_store_reset_clears_weights_and_patterns PASSED [ 98%]
tests/test_services/test_brain_v3_brain_core.py::test_brain_store_reset_keeps_embedding_cache_by_default PASSED [ 99%]
tests/test_services/test_brain_v3_brain_core.py::test_integration_clicks_change_posterior PASSED [100%]

============================ 114 passed in 25.83s =============================
